
13:37:22 2019-4-12 -> Created file: MOVIT+_P10 MXJ_EF7413_20190411.json
13:37:23 2019-4-12 -> Created file: MOVIT+_P10 MXJ_EF7413_20190410.json
13:37:25 2019-4-12 -> Created file: MOVIT+_P10 MXJ_EF7413_20190409.json
13:37:28 2019-4-12 -> Created file: MOVIT+_P10 MXJ_EF7413_20190408.json
13:37:28 2019-4-12 -> Created file: MOVIT+_P10 MXJ_EF7413_20190407.json
13:37:50 2019-4-12 -> Created file: MOVIT+_P10 MXJ_EF7413_20190406.json
13:38:00 2019-4-12 -> Created file: MOVIT+_P10 MXJ_EF7413_20190405.json
13:38:07 2019-4-12 -> Created file: MOVIT+_P10 MXJ_EF7413_20190404.json
13:38:16 2019-4-12 -> Created file: MOVIT+__EF7413_20190403.json
13:38:38 2019-4-12 -> Created file: MOVIT+_P10 MXJ__20190402.json
13:38:49 2019-4-12 -> Created file: MOVIT+_P10 MXJ_EF7413_20190402.json
13:38:50 2019-4-12 -> Created file: MOVIT+_P10 MXJ_EF7413_20190401.json
13:38:52 2019-4-12 -> Created file: MOVIT+_P10 MXJ_EF7413_20190331.json
13:38:56 2019-4-12 -> Created file: MOVIT+_P10 MXJ_EF7413_20190330.json
13:39:02 2019-4-12 -> Created file: MOVIT+_P10 MXJ_EF7413_20190331.json
13:39:02 2019-4-12 -> Created file: MOVIT+_P10 MXJ_EF7413_20190330.json
13:39:06 2019-4-12 -> Created file: MOVIT+_P10 MXJ_EF7413_20190329.json
13:39:13 2019-4-12 -> Created file: MOVIT+_P10 MXJ_EF7413_20190328.json
13:39:15 2019-4-12 -> Created file: MOVIT+_P10 MXJ_EF7413_20190329.json
13:39:28 2019-4-12 -> Created file: MOVIT+_P10 MXJ_EF7413_20190328.json
13:39:35 2019-4-12 -> Created file: MOVIT+_P10 MXJ_EF7413_20190327.json
13:40:32 2019-4-12 -> Created file: MOVIT+_P10 MXJ_EF7413_20190326.json
13:41:33 2019-4-12 -> Created file: MOVIT+_P10 MXJ_EF7413_20190325.json
13:41:42 2019-4-12 -> Created file: MOVIT+_P10 MXJ_EF7413_20190324.json
13:43:28 2019-4-12 -> Created file: MOVIT+__EF7413_20190323.json
13:43:31 2019-4-12 -> Created file: MOVIT+_P10 MXJ__20190322.json
13:43:32 2019-4-12 -> Created file: MOVIT+_P10 MXJ_EF7413_20190321.json
13:46:15 2019-4-12 -> Created file: MOVIT+_P10 MXJ_EF7413_20190321.json
13:46:25 2019-4-12 -> Created file: MOVIT+_P10 MXJ_EF7413_20190411.json
13:46:28 2019-4-12 -> Sending saved parameter
13:46:29 2019-4-12 -> Created file: MOVIT+_P10 MXJ_EF7413_20190410.json
13:46:33 2019-4-12 -> Created file: MOVIT+_P10 MXJ_EF7413_20190409.json
13:46:42 2019-4-12 -> Created file: MOVIT+_P10 MXJ_EF7413_20190408.json
13:46:55 2019-4-12 -> Created file: MOVIT+_P10 MXJ_EF7413_20190407.json
13:47:06 2019-4-12 -> Created file: MOVIT+_P10 MXJ_EF7413_20190406.json
13:47:18 2019-4-12 -> Created file: MOVIT+_P10 MXJ_EF7413_20190405.json
13:47:30 2019-4-12 -> Created file: MOVIT+_P10 MXJ_EF7413_20190404.json
13:47:42 2019-4-12 -> Created file: MOVIT+_P10 MXJ_EF7413_20190403.json
13:47:54 2019-4-12 -> Created file: MOVIT+_P10 MXJ_EF7413_20190402.json
13:48:01 2019-4-12 -> Created file: MOVIT+_P10 MXJ_EF7413_20190401.json
13:48:06 2019-4-12 -> Created file: MOVIT+_P10 MXJ_EF7413_20190331.json
13:48:08 2019-4-12 -> Created file: MOVIT+_P10 MXJ_EF7413_20190330.json
13:48:14 2019-4-12 -> Created file: MOVIT+_P10 MXJ_EF7413_20190329.json
13:49:17 2019-4-12 -> Created file: MOVIT+_P10 MXJ_EF7413_20190328.json
13:49:30 2019-4-12 -> Sending saved parameter
13:51:01 2019-4-12 -> Created file: MOVIT+_P10 MXJ_EF7413_20190411.json
13:51:04 2019-4-12 -> Created file: MOVIT+_P10 MXJ_EF7413_20190410.json
13:51:06 2019-4-12 -> Created file: MOVIT+_P10 MXJ_EF7413_20190409.json
13:51:15 2019-4-12 -> Created file: MOVIT+_P10 MXJ_EF7413_20190408.json
13:51:27 2019-4-12 -> Created file: MOVIT+_P10 MXJ_EF7413_20190407.json
13:51:41 2019-4-12 -> Created file: MOVIT+_P10 MXJ_EF7413_20190406.json
13:51:52 2019-4-12 -> Created file: MOVIT+_P10 MXJ_EF7413_20190405.json
13:52:03 2019-4-12 -> Created file: MOVIT+_P10 MXJ_EF7413_20190404.json
13:52:15 2019-4-12 -> Created file: MOVIT+_P10 MXJ_EF7413_20190403.json
13:52:28 2019-4-12 -> Created file: MOVIT+_P10 MXJ_EF7413_20190402.json
13:52:35 2019-4-12 -> Created file: MOVIT+_P10 MXJ_EF7413_20190401.json
13:52:37 2019-4-12 -> Created file: MOVIT+_P10 MXJ_EF7413_20190331.json
13:52:39 2019-4-12 -> Created file: MOVIT+_P10 MXJ_EF7413_20190330.json
13:52:45 2019-4-12 -> Created file: MOVIT+_P10 MXJ_EF7413_20190329.json
13:53:47 2019-4-12 -> Created file: MOVIT+_P10 MXJ_EF7413_20190328.json
13:56:39 2019-4-12 -> Created file: MOVIT+_P10 MXJ_EF7413_20190327.json
13:58:00 2019-4-12 -> Sending saved parameter
13:58:00 2019-4-12 -> Created file: MOVIT+_P10 MXJ_EF7413_20190326.json
13:58:53 2019-4-12 -> Created file: MOVIT+_P10 MXJ_EF7413_20190325.json
13:58:57 2019-4-12 -> Created file: MOVIT+_P10 MXJ_EF7413_20190324.json
13:59:00 2019-4-12 -> Created file: MOVIT+_P10 MXJ_EF7413_20190323.json
13:59:03 2019-4-12 -> Created file: MOVIT+_P10 MXJ_EF7413_20190322.json
13:59:06 2019-4-12 -> Created file: MOVIT+_P10 MXJ_EF7413_20190321.json
13:59:09 2019-4-12 -> Created file: MOVIT+_P10 MXJ_EF7413_20190320.json
13:59:12 2019-4-12 -> Created file: MOVIT+_P10 MXJ_EF7413_20190319.json
13:59:31 2019-4-12 -> Created file: MOVIT+_P10 MXJ_EF7413_20190318.json
13:59:34 2019-4-12 -> Created file: MOVIT+_P10 MXJ_EF7413_20190317.json
13:59:36 2019-4-12 -> Created file: MOVIT+_P10 MXJ_EF7413_20190316.json
13:59:40 2019-4-12 -> Created file: MOVIT+_P10 MXJ_EF7413_20190315.json
13:59:42 2019-4-12 -> Created file: MOVIT+_P10 MXJ_EF7413_20190314.json
13:59:46 2019-4-12 -> Created file: MOVIT+_P10 MXJ_EF7413_20190313.json
13:59:49 2019-4-12 -> Created file: MOVIT+_P10 MXJ_EF7413_20190312.json
13:59:52 2019-4-12 -> Created file: MOVIT+_P10 MXJ_EF7413_20190311.json
13:59:54 2019-4-12 -> Created file: MOVIT+_P10 MXJ_EF7413_20190310.json
13:59:59 2019-4-12 -> Created file: MOVIT+_P10 MXJ_EF7413_20190309.json
14:00:03 2019-4-12 -> Created file: MOVIT+_P10 MXJ_EF7413_20190308.json
14:00:06 2019-4-12 -> Created file: MOVIT+_P10 MXJ_EF7413_20190307.json
14:00:09 2019-4-12 -> Created file: MOVIT+_P10 MXJ_EF7413_20190306.json
14:00:12 2019-4-12 -> Created file: MOVIT+_P10 MXJ_EF7413_20190305.json
14:00:19 2019-4-12 -> Created file: MOVIT+_P10 MXJ_EF7413_20190304.json
14:00:22 2019-4-12 -> Created file: MOVIT+_P10 MXJ_EF7413_20190303.json
14:00:25 2019-4-12 -> Created file: MOVIT+_P10 MXJ_EF7413_20190302.json
14:00:27 2019-4-12 -> Created file: MOVIT+_P10 MXJ_EF7413_20190301.json
14:00:30 2019-4-12 -> Created file: MOVIT+_P10 MXJ_EF7413_20190228.json
14:00:42 2019-4-12 -> Created file: MOVIT+_P10 MXJ_EF7413_20190227.json
14:00:45 2019-4-12 -> Created file: MOVIT+_P10 MXJ_EF7413_20190226.json
14:00:47 2019-4-12 -> Created file: MOVIT+_P10 MXJ_EF7413_20190225.json
14:00:50 2019-4-12 -> Created file: MOVIT+_P10 MXJ_EF7413_20190224.json
14:00:53 2019-4-12 -> Created file: MOVIT+_P10 MXJ_EF7413_20190223.json
14:00:57 2019-4-12 -> Created file: MOVIT+_P10 MXJ_EF7413_20190222.json
14:00:59 2019-4-12 -> Created file: MOVIT+_P10 MXJ_EF7413_20190221.json
14:01:05 2019-4-12 -> Created file: MOVIT+_P10 MXJ_EF7413_20190220.json
14:01:08 2019-4-12 -> Created file: MOVIT+_P10 MXJ_EF7413_20190219.json
14:01:11 2019-4-12 -> Created file: MOVIT+_P10 MXJ_EF7413_20190218.json
14:01:14 2019-4-12 -> Created file: MOVIT+_P10 MXJ_EF7413_20190217.json
14:01:16 2019-4-12 -> Created file: MOVIT+_P10 MXJ_EF7413_20190216.json
14:01:19 2019-4-12 -> Created file: MOVIT+_P10 MXJ_EF7413_20190215.json
14:01:22 2019-4-12 -> Created file: MOVIT+_P10 MXJ_EF7413_20190214.json
14:01:22 2019-4-12 -> File creation complete!
14:01:26 2019-4-12 -> Sent file: MOVIT+_P10 MXJ_EF7413_20190314.json
14:01:29 2019-4-12 -> Sent file: MOVIT+_P10 MXJ_EF7413_20190313.json
14:01:32 2019-4-12 -> Sent file: MOVIT+_P10 MXJ_EF7413_20190312.json
14:01:35 2019-4-12 -> Sent file: MOVIT+_P10 MXJ_EF7413_20190311.json
14:01:38 2019-4-12 -> Sent file: MOVIT+_P10 MXJ_EF7413_20190310.json
14:01:40 2019-4-12 -> Sent file: MOVIT+_P10 MXJ_EF7413_20190309.json
14:01:43 2019-4-12 -> Sent file: MOVIT+_P10 MXJ_EF7413_20190308.json
14:01:46 2019-4-12 -> Sent file: MOVIT+_P10 MXJ_EF7413_20190307.json
14:01:49 2019-4-12 -> Sent file: MOVIT+_P10 MXJ_EF7413_20190306.json
14:01:52 2019-4-12 -> Sent file: MOVIT+_P10 MXJ_EF7413_20190305.json
14:01:55 2019-4-12 -> Sent file: MOVIT+_P10 MXJ_EF7413_20190304.json
14:01:58 2019-4-12 -> Sent file: MOVIT+_P10 MXJ_EF7413_20190303.json
14:02:00 2019-4-12 -> Sent file: MOVIT+_P10 MXJ_EF7413_20190302.json
14:02:03 2019-4-12 -> Sent file: MOVIT+_P10 MXJ_EF7413_20190301.json
14:02:06 2019-4-12 -> Sent file: MOVIT+_P10 MXJ_EF7413_20190228.json
14:02:09 2019-4-12 -> Sent file: MOVIT+_P10 MXJ_EF7413_20190227.json
14:02:12 2019-4-12 -> Sent file: MOVIT+_P10 MXJ_EF7413_20190226.json
14:02:14 2019-4-12 -> Sent file: MOVIT+_P10 MXJ_EF7413_20190225.json
14:02:17 2019-4-12 -> Sent file: MOVIT+_P10 MXJ_EF7413_20190224.json
14:02:20 2019-4-12 -> Sent file: MOVIT+_P10 MXJ_EF7413_20190223.json
14:02:23 2019-4-12 -> Sent file: MOVIT+_P10 MXJ_EF7413_20190222.json
14:02:26 2019-4-12 -> Sent file: MOVIT+_P10 MXJ_EF7413_20190221.json
14:02:31 2019-4-12 -> Sent file: MOVIT+_P10 MXJ_EF7413_20190220.json
14:02:34 2019-4-12 -> Sent file: MOVIT+_P10 MXJ_EF7413_20190219.json
14:02:36 2019-4-12 -> Sent file: MOVIT+_P10 MXJ_EF7413_20190218.json
14:02:39 2019-4-12 -> Sent file: MOVIT+_P10 MXJ_EF7413_20190411.json
14:02:42 2019-4-12 -> Sent file: MOVIT+_P10 MXJ_EF7413_20190410.json
14:02:45 2019-4-12 -> Sent file: MOVIT+_P10 MXJ_EF7413_20190409.json
14:02:48 2019-4-12 -> Sent file: MOVIT+_P10 MXJ_EF7413_20190408.json
14:02:51 2019-4-12 -> Sent file: MOVIT+_P10 MXJ_EF7413_20190407.json
14:02:53 2019-4-12 -> Sent file: MOVIT+_P10 MXJ_EF7413_20190406.json
14:02:56 2019-4-12 -> Sent file: MOVIT+_P10 MXJ_EF7413_20190405.json
14:02:59 2019-4-12 -> Sent file: MOVIT+_P10 MXJ_EF7413_20190404.json
14:03:02 2019-4-12 -> Sent file: MOVIT+_P10 MXJ_EF7413_20190403.json
14:03:05 2019-4-12 -> Sent file: MOVIT+_P10 MXJ_EF7413_20190402.json
14:03:07 2019-4-12 -> Sent file: MOVIT+_P10 MXJ_EF7413_20190401.json
14:03:10 2019-4-12 -> Sent file: MOVIT+_P10 MXJ_EF7413_20190331.json
14:03:13 2019-4-12 -> Sent file: MOVIT+_P10 MXJ_EF7413_20190330.json
14:03:16 2019-4-12 -> Sent file: MOVIT+_P10 MXJ_EF7413_20190329.json
14:03:19 2019-4-12 -> Sent file: MOVIT+_P10 MXJ_EF7413_20190328.json
14:03:21 2019-4-12 -> Sent file: MOVIT+_P10 MXJ_EF7413_20190327.json
14:03:24 2019-4-12 -> Sent file: MOVIT+_P10 MXJ_EF7413_20190326.json
14:03:27 2019-4-12 -> Sent file: MOVIT+_P10 MXJ_EF7413_20190325.json
14:03:30 2019-4-12 -> Sent file: MOVIT+_P10 MXJ_EF7413_20190324.json
14:03:32 2019-4-12 -> Sent file: MOVIT+_P10 MXJ_EF7413_20190323.json
14:03:35 2019-4-12 -> Sent file: MOVIT+_P10 MXJ_EF7413_20190322.json
14:03:38 2019-4-12 -> Sent file: MOVIT+_P10 MXJ_EF7413_20190321.json
14:03:41 2019-4-12 -> Sent file: MOVIT+_P10 MXJ_EF7413_20190320.json
14:03:44 2019-4-12 -> Sent file: MOVIT+_P10 MXJ_EF7413_20190319.json
14:03:46 2019-4-12 -> Sent file: MOVIT+_P10 MXJ_EF7413_20190318.json
14:03:49 2019-4-12 -> Sent file: MOVIT+_P10 MXJ_EF7413_20190317.json
14:03:52 2019-4-12 -> Sent file: MOVIT+_P10 MXJ_EF7413_20190316.json
14:03:55 2019-4-12 -> Sent file: MOVIT+_P10 MXJ_EF7413_20190315.json
14:03:57 2019-4-12 -> Sent file: MOVIT+_P10 MXJ_EF7413_20190217.json
14:04:00 2019-4-12 -> Sent file: MOVIT+_P10 MXJ_EF7413_20190216.json
14:04:03 2019-4-12 -> Sent file: MOVIT+_P10 MXJ_EF7413_20190215.json
14:04:06 2019-4-12 -> Sent file: MOVIT+_P10 MXJ_EF7413_20190214.json
14:04:06 2019-4-12 -> Sent complete!
14:13:12 2019-4-12 -> Created file: MOVIT+_P10 MXJ_EF7413_20190411.json
14:13:14 2019-4-12 -> Created file: MOVIT+_P10 MXJ_EF7413_20190410.json
14:13:17 2019-4-12 -> Created file: MOVIT+_P10 MXJ_EF7413_20190409.json
14:13:29 2019-4-12 -> Created file: MOVIT+_P10 MXJ_EF7413_20190408.json
14:13:41 2019-4-12 -> Created file: MOVIT+_P10 MXJ_EF7413_20190407.json
14:13:54 2019-4-12 -> Created file: MOVIT+_P10 MXJ_EF7413_20190406.json
14:14:06 2019-4-12 -> Created file: MOVIT+_P10 MXJ_EF7413_20190405.json
14:14:17 2019-4-12 -> Created file: MOVIT+_P10 MXJ_EF7413_20190404.json
14:14:29 2019-4-12 -> Created file: MOVIT+_P10 MXJ_EF7413_20190403.json
14:14:40 2019-4-12 -> Created file: MOVIT+_P10 MXJ_EF7413_20190402.json
14:14:46 2019-4-12 -> Created file: MOVIT+_P10 MXJ_EF7413_20190401.json
14:14:48 2019-4-12 -> Created file: MOVIT+_P10 MXJ_EF7413_20190331.json
14:14:51 2019-4-12 -> Created file: MOVIT+_P10 MXJ_EF7413_20190330.json
14:14:57 2019-4-12 -> Created file: MOVIT+_P10 MXJ_EF7413_20190329.json
14:15:59 2019-4-12 -> Created file: MOVIT+_P10 MXJ_EF7413_20190328.json
14:18:53 2019-4-12 -> Created file: MOVIT+_P10 MXJ_EF7413_20190327.json
14:20:19 2019-4-12 -> Sending saved parameter
14:20:20 2019-4-12 -> Created file: MOVIT+_P10 MXJ_EF7413_20190326.json
14:21:09 2019-4-12 -> Created file: MOVIT+_P10 MXJ_EF7413_20190325.json
14:21:13 2019-4-12 -> Created file: MOVIT+_P10 MXJ_EF7413_20190324.json
14:21:16 2019-4-12 -> Created file: MOVIT+_P10 MXJ_EF7413_20190323.json
14:21:19 2019-4-12 -> Created file: MOVIT+_P10 MXJ_EF7413_20190322.json
14:21:22 2019-4-12 -> Created file: MOVIT+_P10 MXJ_EF7413_20190321.json
14:21:25 2019-4-12 -> Created file: MOVIT+_P10 MXJ_EF7413_20190320.json
14:21:28 2019-4-12 -> Created file: MOVIT+_P10 MXJ_EF7413_20190319.json
14:21:46 2019-4-12 -> Created file: MOVIT+_P10 MXJ_EF7413_20190318.json
14:21:49 2019-4-12 -> Created file: MOVIT+_P10 MXJ_EF7413_20190317.json
14:21:53 2019-4-12 -> Created file: MOVIT+_P10 MXJ_EF7413_20190316.json
14:21:56 2019-4-12 -> Created file: MOVIT+_P10 MXJ_EF7413_20190315.json
14:21:59 2019-4-12 -> Created file: MOVIT+_P10 MXJ_EF7413_20190314.json
14:22:05 2019-4-12 -> Created file: MOVIT+_P10 MXJ_EF7413_20190313.json
14:22:08 2019-4-12 -> Created file: MOVIT+_P10 MXJ_EF7413_20190312.json
14:22:11 2019-4-12 -> Created file: MOVIT+_P10 MXJ_EF7413_20190311.json
14:22:14 2019-4-12 -> Created file: MOVIT+_P10 MXJ_EF7413_20190310.json
14:22:18 2019-4-12 -> Created file: MOVIT+_P10 MXJ_EF7413_20190309.json
14:22:24 2019-4-12 -> Created file: MOVIT+_P10 MXJ_EF7413_20190308.json
14:22:29 2019-4-12 -> Created file: MOVIT+_P10 MXJ_EF7413_20190307.json
14:22:36 2019-4-12 -> Created file: MOVIT+_P10 MXJ_EF7413_20190306.json
14:22:44 2019-4-12 -> Created file: MOVIT+_P10 MXJ_EF7413_20190305.json
14:22:53 2019-4-12 -> Created file: MOVIT+_P10 MXJ_EF7413_20190304.json
14:22:56 2019-4-12 -> Created file: MOVIT+_P10 MXJ_EF7413_20190303.json
14:22:58 2019-4-12 -> Created file: MOVIT+_P10 MXJ_EF7413_20190302.json
14:23:01 2019-4-12 -> Created file: MOVIT+_P10 MXJ_EF7413_20190301.json
14:23:04 2019-4-12 -> Created file: MOVIT+_P10 MXJ_EF7413_20190228.json
14:23:14 2019-4-12 -> Created file: MOVIT+_P10 MXJ_EF7413_20190227.json
14:23:17 2019-4-12 -> Created file: MOVIT+_P10 MXJ_EF7413_20190226.json
14:23:20 2019-4-12 -> Created file: MOVIT+_P10 MXJ_EF7413_20190225.json
14:23:23 2019-4-12 -> Created file: MOVIT+_P10 MXJ_EF7413_20190224.json
14:23:25 2019-4-12 -> Created file: MOVIT+_P10 MXJ_EF7413_20190223.json
14:23:28 2019-4-12 -> Created file: MOVIT+_P10 MXJ_EF7413_20190222.json
14:23:31 2019-4-12 -> Created file: MOVIT+_P10 MXJ_EF7413_20190221.json
14:23:38 2019-4-12 -> Sending saved parameter
14:23:38 2019-4-12 -> Created file: MOVIT+_P10 MXJ_EF7413_20190220.json
14:23:45 2019-4-12 -> Created file: MOVIT+_P10 MXJ_EF7413_20190219.json
14:23:50 2019-4-12 -> Created file: MOVIT+_P10 MXJ_EF7413_20190218.json
14:23:56 2019-4-12 -> Created file: MOVIT+_P10 MXJ_EF7413_20190217.json
14:24:03 2019-4-12 -> Created file: MOVIT+_P10 MXJ_EF7413_20190216.json
14:24:10 2019-4-12 -> Created file: MOVIT+_P10 MXJ_EF7413_20190215.json
14:24:16 2019-4-12 -> File creation complete!
14:24:16 2019-4-12 -> Created file: MOVIT+_P10 MXJ_EF7413_20190214.json
14:24:20 2019-4-12 -> Sent file: MOVIT+_P10 MXJ_EF7413_20190404.json
14:24:23 2019-4-12 -> Sent file: MOVIT+_P10 MXJ_EF7413_20190309.json
14:24:32 2019-4-12 -> Sent file: MOVIT+_P10 MXJ_EF7413_20190308.json
14:24:36 2019-4-12 -> Sent file: MOVIT+_P10 MXJ_EF7413_20190307.json
14:24:40 2019-4-12 -> Sent file: MOVIT+_P10 MXJ_EF7413_20190306.json
14:24:43 2019-4-12 -> Sent file: MOVIT+_P10 MXJ_EF7413_20190305.json
14:24:47 2019-4-12 -> Sent file: MOVIT+_P10 MXJ_EF7413_20190304.json
14:24:50 2019-4-12 -> Sent file: MOVIT+_P10 MXJ_EF7413_20190303.json
14:24:53 2019-4-12 -> Sent file: MOVIT+_P10 MXJ_EF7413_20190302.json
14:24:57 2019-4-12 -> Sent file: MOVIT+_P10 MXJ_EF7413_20190301.json
14:25:00 2019-4-12 -> Sent file: MOVIT+_P10 MXJ_EF7413_20190228.json
14:25:03 2019-4-12 -> Sent file: MOVIT+_P10 MXJ_EF7413_20190227.json
14:25:06 2019-4-12 -> Sent file: MOVIT+_P10 MXJ_EF7413_20190226.json
14:25:10 2019-4-12 -> Sent file: MOVIT+_P10 MXJ_EF7413_20190225.json
14:25:13 2019-4-12 -> Sent file: MOVIT+_P10 MXJ_EF7413_20190224.json
14:25:17 2019-4-12 -> Sent file: MOVIT+_P10 MXJ_EF7413_20190223.json
14:25:20 2019-4-12 -> Sent file: MOVIT+_P10 MXJ_EF7413_20190222.json
14:25:23 2019-4-12 -> Sent file: MOVIT+_P10 MXJ_EF7413_20190221.json
14:25:27 2019-4-12 -> Sent file: MOVIT+_P10 MXJ_EF7413_20190220.json
14:25:30 2019-4-12 -> Sent file: MOVIT+_P10 MXJ_EF7413_20190219.json
14:25:33 2019-4-12 -> Sent file: MOVIT+_P10 MXJ_EF7413_20190218.json
14:25:37 2019-4-12 -> Sent file: MOVIT+_P10 MXJ_EF7413_20190217.json
14:25:40 2019-4-12 -> Sent file: MOVIT+_P10 MXJ_EF7413_20190216.json
14:25:43 2019-4-12 -> Sent file: MOVIT+_P10 MXJ_EF7413_20190215.json
14:25:47 2019-4-12 -> Sent file: MOVIT+_P10 MXJ_EF7413_20190214.json
14:25:50 2019-4-12 -> Sent file: MOVIT+_P10 MXJ_EF7413_20190411.json
14:25:53 2019-4-12 -> Sent file: MOVIT+_P10 MXJ_EF7413_20190410.json
14:25:57 2019-4-12 -> Sent file: MOVIT+_P10 MXJ_EF7413_20190409.json
14:26:01 2019-4-12 -> Sent file: MOVIT+_P10 MXJ_EF7413_20190408.json
14:26:04 2019-4-12 -> Sent file: MOVIT+_P10 MXJ_EF7413_20190407.json
14:26:07 2019-4-12 -> Sent file: MOVIT+_P10 MXJ_EF7413_20190406.json
14:26:11 2019-4-12 -> Sent file: MOVIT+_P10 MXJ_EF7413_20190405.json
14:26:14 2019-4-12 -> Sent file: MOVIT+_P10 MXJ_EF7413_20190403.json
14:26:17 2019-4-12 -> Sent file: MOVIT+_P10 MXJ_EF7413_20190402.json
14:26:20 2019-4-12 -> Sent file: MOVIT+_P10 MXJ_EF7413_20190401.json
14:26:23 2019-4-12 -> Sent file: MOVIT+_P10 MXJ_EF7413_20190331.json
14:26:26 2019-4-12 -> Sent file: MOVIT+_P10 MXJ_EF7413_20190330.json
14:26:30 2019-4-12 -> Sent file: MOVIT+_P10 MXJ_EF7413_20190329.json
14:26:33 2019-4-12 -> Sent file: MOVIT+_P10 MXJ_EF7413_20190328.json
14:26:36 2019-4-12 -> Sent file: MOVIT+_P10 MXJ_EF7413_20190327.json
14:26:40 2019-4-12 -> Sent file: MOVIT+_P10 MXJ_EF7413_20190326.json
14:26:43 2019-4-12 -> Sent file: MOVIT+_P10 MXJ_EF7413_20190325.json
14:26:46 2019-4-12 -> Sent file: MOVIT+_P10 MXJ_EF7413_20190324.json
14:26:49 2019-4-12 -> Sent file: MOVIT+_P10 MXJ_EF7413_20190323.json
14:26:53 2019-4-12 -> Sent file: MOVIT+_P10 MXJ_EF7413_20190322.json
14:26:56 2019-4-12 -> Sent file: MOVIT+_P10 MXJ_EF7413_20190321.json
14:26:59 2019-4-12 -> Sent file: MOVIT+_P10 MXJ_EF7413_20190320.json
14:27:02 2019-4-12 -> Sent file: MOVIT+_P10 MXJ_EF7413_20190319.json
14:27:05 2019-4-12 -> Sent file: MOVIT+_P10 MXJ_EF7413_20190318.json
14:27:12 2019-4-12 -> Sent file: MOVIT+_P10 MXJ_EF7413_20190317.json
14:27:16 2019-4-12 -> Sent file: MOVIT+_P10 MXJ_EF7413_20190316.json
14:27:19 2019-4-12 -> Sent file: MOVIT+_P10 MXJ_EF7413_20190315.json
14:27:22 2019-4-12 -> Sent file: MOVIT+_P10 MXJ_EF7413_20190314.json
14:27:25 2019-4-12 -> Sent file: MOVIT+_P10 MXJ_EF7413_20190313.json
14:27:28 2019-4-12 -> Sent file: MOVIT+_P10 MXJ_EF7413_20190312.json
14:27:32 2019-4-12 -> Sent file: MOVIT+_P10 MXJ_EF7413_20190311.json
14:27:35 2019-4-12 -> Sent file: MOVIT+_P10 MXJ_EF7413_20190310.json
14:27:35 2019-4-12 -> Sent complete!
14:30:27 2019-4-12 -> File creation complete!
14:30:27 2019-4-12 -> Sent complete!
14:32:14 2019-4-12 -> Created file: MOVIT+_P10 MXJ_EF7413_20190411.json
14:32:19 2019-4-12 -> Created file: MOVIT+_P10 MXJ_EF7413_20190410.json
14:32:26 2019-4-12 -> Created file: MOVIT+_P10 MXJ_EF7413_20190411.json
14:32:30 2019-4-12 -> Created file: MOVIT+_P10 MXJ_EF7413_20190408.json
14:32:39 2019-4-12 -> Created file: MOVIT+_P10 MXJ_EF7413_20190410.json
14:32:40 2019-4-12 -> Created file: MOVIT+_P10 MXJ_EF7413_20190407.json
14:32:57 2019-4-12 -> Created file: MOVIT+_P10 MXJ_EF7413_20190406.json
14:32:58 2019-4-12 -> Created file: MOVIT+_P10 MXJ_EF7413_20190406.json
14:33:16 2019-4-12 -> Created file: MOVIT+_P10 MXJ_EF7413_20190405.json
14:33:20 2019-4-12 -> Created file: MOVIT+_P10 MXJ_EF7413_20190405.json
14:33:25 2019-4-12 -> Created file: MOVIT+_P10 MXJ_EF7413_20190404.json
14:33:28 2019-4-12 -> Created file: MOVIT+_P10 MXJ_EF7413_20190404.json
14:33:28 2019-4-12 -> Sending saved parameter
14:33:41 2019-4-12 -> Created file: MOVIT+_P10 MXJ_EF7413_20190403.json
14:33:43 2019-4-12 -> Created file: MOVIT+_P10 MXJ_EF7413_20190403.json
14:33:56 2019-4-12 -> Created file: MOVIT+_P10 MXJ_EF7413_20190402.json
14:33:57 2019-4-12 -> Created file: MOVIT+_P10 MXJ_EF7413_20190402.json
14:34:15 2019-4-12 -> Created file: MOVIT+_P10 MXJ_EF7413_20190401.json
14:34:16 2019-4-12 -> Created file: MOVIT+_P10 MXJ_EF7413_20190331.json
14:34:22 2019-4-12 -> Created file: MOVIT+_P10 MXJ_EF7413_20190330.json
14:34:27 2019-4-12 -> Created file: MOVIT+_P10 MXJ_EF7413_20190330.json
14:34:28 2019-4-12 -> Created file: MOVIT+_P10 MXJ_EF7413_20190329.json
14:34:39 2019-4-12 -> Created file: MOVIT+_P10 MXJ_EF7413_20190329.json
14:34:58 2019-4-12 -> Created file: MOVIT+_P10 MXJ_EF7413_20190328.json
14:35:20 2019-4-12 -> Created file: MOVIT+_P10 MXJ_EF7413_20190327.json
14:35:31 2019-4-12 -> Created file: MOVIT+_P10 MXJ_EF7413_20190326.json
14:35:42 2019-4-12 -> Created file: MOVIT+_P10 MXJ_EF7413_20190325.json
14:35:44 2019-4-12 -> Created file: MOVIT+_P10 MXJ_EF7413_20190324.json
14:35:47 2019-4-12 -> Created file: MOVIT+_P10 MXJ_EF7413_20190323.json
14:35:50 2019-4-12 -> Created file: MOVIT+_P10 MXJ_EF7413_20190322.json
14:35:53 2019-4-12 -> Created file: MOVIT+_P10 MXJ_EF7413_20190321.json
14:35:56 2019-4-12 -> Created file: MOVIT+_P10 MXJ_EF7413_20190320.json
14:35:59 2019-4-12 -> Created file: MOVIT+_P10 MXJ_EF7413_20190319.json
14:36:05 2019-4-12 -> Created file: MOVIT+_P10 MXJ_EF7413_20190318.json
14:36:08 2019-4-12 -> Created file: MOVIT+_P10 MXJ_EF7413_20190317.json
14:36:08 2019-4-12 -> Sending saved parameter
14:36:12 2019-4-12 -> Created file: MOVIT+_P10 MXJ_EF7413_20190316.json
14:36:17 2019-4-12 -> Created file: MOVIT+_P10 MXJ_EF7413_20190315.json
14:36:20 2019-4-12 -> Created file: MOVIT+_P10 MXJ_EF7413_20190314.json
14:36:27 2019-4-12 -> Created file: MOVIT+_P10 MXJ_EF7413_20190313.json
14:36:32 2019-4-12 -> Created file: MOVIT+_P10 MXJ_EF7413_20190312.json
14:36:37 2019-4-12 -> Created file: MOVIT+_P10 MXJ_EF7413_20190311.json
14:36:42 2019-4-12 -> Created file: MOVIT+_P10 MXJ_EF7413_20190310.json
14:36:48 2019-4-12 -> Created file: MOVIT+_P10 MXJ_EF7413_20190309.json
14:36:52 2019-4-12 -> Created file: MOVIT+_P10 MXJ_EF7413_20190308.json
14:36:57 2019-4-12 -> Created file: MOVIT+_P10 MXJ_EF7413_20190307.json
14:37:03 2019-4-12 -> Created file: MOVIT+_P10 MXJ_EF7413_20190306.json
14:37:07 2019-4-12 -> Created file: MOVIT+_P10 MXJ_EF7413_20190305.json
14:37:15 2019-4-12 -> Created file: MOVIT+_P10 MXJ_EF7413_20190304.json
14:37:19 2019-4-12 -> Created file: MOVIT+_P10 MXJ_EF7413_20190303.json
14:37:24 2019-4-12 -> Created file: MOVIT+_P10 MXJ_EF7413_20190302.json
14:37:34 2019-4-12 -> Created file: MOVIT+_P10 MXJ_EF7413_20190301.json
14:37:38 2019-4-12 -> Created file: MOVIT+_P10 MXJ_EF7413_20190228.json
14:37:48 2019-4-12 -> Created file: MOVIT+_P10 MXJ_EF7413_20190227.json
14:37:52 2019-4-12 -> Created file: MOVIT+_P10 MXJ_EF7413_20190226.json
14:37:58 2019-4-12 -> Created file: MOVIT+_P10 MXJ_EF7413_20190225.json
14:38:04 2019-4-12 -> Created file: MOVIT+_P10 MXJ_EF7413_20190224.json
14:38:09 2019-4-12 -> Created file: MOVIT+_P10 MXJ_EF7413_20190223.json
14:38:14 2019-4-12 -> Created file: MOVIT+_P10 MXJ_EF7413_20190222.json
14:38:19 2019-4-12 -> Created file: MOVIT+_P10 MXJ_EF7413_20190221.json
14:38:27 2019-4-12 -> Created file: MOVIT+_P10 MXJ_EF7413_20190220.json
14:38:32 2019-4-12 -> Created file: MOVIT+_P10 MXJ_EF7413_20190219.json
14:38:37 2019-4-12 -> Created file: MOVIT+_P10 MXJ_EF7413_20190218.json
14:38:42 2019-4-12 -> Created file: MOVIT+_P10 MXJ_EF7413_20190217.json
14:38:48 2019-4-12 -> Created file: MOVIT+_P10 MXJ_EF7413_20190216.json
14:38:53 2019-4-12 -> Created file: MOVIT+_P10 MXJ_EF7413_20190215.json
14:38:58 2019-4-12 -> Created file: MOVIT+_P10 MXJ_EF7413_20190214.json
14:38:58 2019-4-12 -> File creation complete!
14:39:02 2019-4-12 -> Sent file: MOVIT+_P10 MXJ_EF7413_20190310.json
14:39:06 2019-4-12 -> Sent file: MOVIT+_P10 MXJ_EF7413_20190309.json
14:39:09 2019-4-12 -> Sent file: MOVIT+_P10 MXJ_EF7413_20190308.json
14:39:17 2019-4-12 -> Sent file: MOVIT+_P10 MXJ_EF7413_20190307.json
14:39:20 2019-4-12 -> Sent file: MOVIT+_P10 MXJ_EF7413_20190306.json
14:39:22 2019-4-12 -> Sent file: MOVIT+_P10 MXJ_EF7413_20190305.json
14:39:25 2019-4-12 -> Sent file: MOVIT+_P10 MXJ_EF7413_20190304.json
14:39:28 2019-4-12 -> Sent file: MOVIT+_P10 MXJ_EF7413_20190303.json
14:39:31 2019-4-12 -> Sent file: MOVIT+_P10 MXJ_EF7413_20190302.json
14:39:34 2019-4-12 -> Sent file: MOVIT+_P10 MXJ_EF7413_20190301.json
14:39:37 2019-4-12 -> Sent file: MOVIT+_P10 MXJ_EF7413_20190228.json
14:39:39 2019-4-12 -> Sending saved parameter
14:39:40 2019-4-12 -> Sent file: MOVIT+_P10 MXJ_EF7413_20190227.json
14:39:43 2019-4-12 -> Sent file: MOVIT+_P10 MXJ_EF7413_20190226.json
14:39:47 2019-4-12 -> Sent file: MOVIT+_P10 MXJ_EF7413_20190225.json
14:39:51 2019-4-12 -> Sent file: MOVIT+_P10 MXJ_EF7413_20190224.json
14:39:54 2019-4-12 -> Sent file: MOVIT+_P10 MXJ_EF7413_20190223.json
14:39:58 2019-4-12 -> Sent file: MOVIT+_P10 MXJ_EF7413_20190222.json
14:40:01 2019-4-12 -> Sent file: MOVIT+_P10 MXJ_EF7413_20190221.json
14:40:04 2019-4-12 -> Sent file: MOVIT+_P10 MXJ_EF7413_20190220.json
14:40:07 2019-4-12 -> Sent file: MOVIT+_P10 MXJ_EF7413_20190219.json
14:40:11 2019-4-12 -> Sent file: MOVIT+_P10 MXJ_EF7413_20190218.json
14:40:14 2019-4-12 -> Sent file: MOVIT+_P10 MXJ_EF7413_20190217.json
14:40:17 2019-4-12 -> Sent file: MOVIT+_P10 MXJ_EF7413_20190216.json
14:40:21 2019-4-12 -> Sent file: MOVIT+_P10 MXJ_EF7413_20190215.json
14:40:24 2019-4-12 -> Sent file: MOVIT+_P10 MXJ_EF7413_20190214.json
14:40:28 2019-4-12 -> Sent file: MOVIT+_P10 MXJ_EF7413_20190408.json
14:40:33 2019-4-12 -> Sent file: MOVIT+_P10 MXJ_EF7413_20190410.json
14:40:36 2019-4-12 -> Sent file: MOVIT+_P10 MXJ_EF7413_20190411.json
14:42:01 2019-4-12 -> Sending saved parameter
14:42:52 2019-4-12 -> Sending saved parameter
14:43:11 2019-4-12 -> Sending saved parameter
14:47:43 2019-4-12 -> Sending saved parameter
14:48:33 2019-4-12 -> Sending saved parameter
14:48:51 2019-4-12 -> Sending saved parameter
14:49:13 2019-4-12 -> Sending saved parameter
15:02:26 2019-4-12 -> Sending saved parameter
15:02:48 2019-4-12 -> Sending saved parameter
15:06:27 2019-4-12 -> Sending saved parameter
15:07:46 2019-4-12 -> Sending saved parameter
15:09:04 2019-4-12 -> Sending saved parameter
15:10:44 2019-4-12 -> Sending saved parameter
15:32:16 2019-4-12 -> Created file: MOVIT+_P10 MXJ_EF7413_20190408.json
15:32:29 2019-4-12 -> Created file: MOVIT+_P10 MXJ_EF7413_20190407.json
15:32:38 2019-4-12 -> Created file: MOVIT+_P10 MXJ_EF7413_20190406.json
15:32:46 2019-4-12 -> Created file: MOVIT+_P10 MXJ_EF7413_20190405.json
15:32:54 2019-4-12 -> Created file: MOVIT+_P10 MXJ_EF7413_20190404.json
15:33:02 2019-4-12 -> Created file: MOVIT+_P10 MXJ_EF7413_20190403.json
15:33:10 2019-4-12 -> Created file: MOVIT+_P10 MXJ_EF7413_20190402.json
15:33:17 2019-4-12 -> Created file: MOVIT+_P10 MXJ_EF7413_20190401.json
15:33:21 2019-4-12 -> Created file: MOVIT+_P10 MXJ_EF7413_20190331.json
15:33:26 2019-4-12 -> Created file: MOVIT+_P10 MXJ_EF7413_20190330.json
15:33:33 2019-4-12 -> Created file: MOVIT+_P10 MXJ_EF7413_20190329.json
15:33:52 2019-4-12 -> Created file: MOVIT+_P10 MXJ_EF7413_20190328.json
15:34:16 2019-4-12 -> Created file: MOVIT+_P10 MXJ_EF7413_20190327.json
15:34:37 2019-4-12 -> Created file: MOVIT+_P10 MXJ_EF7413_20190326.json
15:34:51 2019-4-12 -> Created file: MOVIT+_P10 MXJ_EF7413_20190325.json
15:34:57 2019-4-12 -> Created file: MOVIT+_P10 MXJ_EF7413_20190324.json
15:35:04 2019-4-12 -> Created file: MOVIT+_P10 MXJ_EF7413_20190323.json
15:35:10 2019-4-12 -> Created file: MOVIT+_P10 MXJ_EF7413_20190322.json
15:35:16 2019-4-12 -> Created file: MOVIT+_P10 MXJ_EF7413_20190321.json
15:35:21 2019-4-12 -> Created file: MOVIT+_P10 MXJ_EF7413_20190320.json
15:35:26 2019-4-12 -> Created file: MOVIT+_P10 MXJ_EF7413_20190319.json
15:35:36 2019-4-12 -> Created file: MOVIT+_P10 MXJ_EF7413_20190318.json
15:35:41 2019-4-12 -> Created file: MOVIT+_P10 MXJ_EF7413_20190317.json
15:35:46 2019-4-12 -> Created file: MOVIT+_P10 MXJ_EF7413_20190316.json
15:35:52 2019-4-12 -> Created file: MOVIT+_P10 MXJ_EF7413_20190315.json
15:35:57 2019-4-12 -> Created file: MOVIT+_P10 MXJ_EF7413_20190314.json
15:36:03 2019-4-12 -> Created file: MOVIT+_P10 MXJ_EF7413_20190313.json
15:36:13 2019-4-12 -> Created file: MOVIT+_P10 MXJ_EF7413_20190312.json
15:36:18 2019-4-12 -> File creation complete!
15:36:18 2019-4-12 -> Created file: MOVIT+_P10 MXJ_EF7413_20190311.json
15:36:22 2019-4-12 -> Sent file: MOVIT+_P10 MXJ_EF7413_20190408.json
15:36:26 2019-4-12 -> Sent file: MOVIT+_P10 MXJ_EF7413_20190407.json
15:36:29 2019-4-12 -> Sent file: MOVIT+_P10 MXJ_EF7413_20190406.json
15:36:33 2019-4-12 -> Sent file: MOVIT+_P10 MXJ_EF7413_20190405.json
15:36:36 2019-4-12 -> Sent file: MOVIT+_P10 MXJ_EF7413_20190404.json
15:36:39 2019-4-12 -> Sent file: MOVIT+_P10 MXJ_EF7413_20190403.json
15:36:43 2019-4-12 -> Sent file: MOVIT+_P10 MXJ_EF7413_20190402.json
15:36:46 2019-4-12 -> Sent file: MOVIT+_P10 MXJ_EF7413_20190401.json
15:36:49 2019-4-12 -> Sent file: MOVIT+_P10 MXJ_EF7413_20190331.json
15:36:53 2019-4-12 -> Sent file: MOVIT+_P10 MXJ_EF7413_20190330.json
15:36:56 2019-4-12 -> Sent file: MOVIT+_P10 MXJ_EF7413_20190329.json
15:36:59 2019-4-12 -> Sent file: MOVIT+_P10 MXJ_EF7413_20190328.json
15:37:03 2019-4-12 -> Sent file: MOVIT+_P10 MXJ_EF7413_20190327.json
15:37:06 2019-4-12 -> Sent file: MOVIT+_P10 MXJ_EF7413_20190326.json
15:37:10 2019-4-12 -> Sent file: MOVIT+_P10 MXJ_EF7413_20190325.json
15:37:13 2019-4-12 -> Sent file: MOVIT+_P10 MXJ_EF7413_20190324.json
15:37:16 2019-4-12 -> Sent file: MOVIT+_P10 MXJ_EF7413_20190323.json
15:37:19 2019-4-12 -> Sent file: MOVIT+_P10 MXJ_EF7413_20190322.json
15:37:22 2019-4-12 -> Sent file: MOVIT+_P10 MXJ_EF7413_20190321.json
15:37:26 2019-4-12 -> Sent file: MOVIT+_P10 MXJ_EF7413_20190320.json
15:37:29 2019-4-12 -> Sent file: MOVIT+_P10 MXJ_EF7413_20190319.json
15:37:32 2019-4-12 -> Sent file: MOVIT+_P10 MXJ_EF7413_20190318.json
15:37:35 2019-4-12 -> Sent file: MOVIT+_P10 MXJ_EF7413_20190317.json
15:37:39 2019-4-12 -> Sent file: MOVIT+_P10 MXJ_EF7413_20190316.json
15:37:42 2019-4-12 -> Sent file: MOVIT+_P10 MXJ_EF7413_20190315.json
15:37:45 2019-4-12 -> Sent file: MOVIT+_P10 MXJ_EF7413_20190314.json
15:37:49 2019-4-12 -> Sent file: MOVIT+_P10 MXJ_EF7413_20190313.json
15:37:52 2019-4-12 -> Sent file: MOVIT+_P10 MXJ_EF7413_20190312.json
15:37:59 2019-4-12 -> Sent file: MOVIT+_P10 MXJ_EF7413_20190311.json
15:37:59 2019-4-12 -> Sent complete!
16:32:16 2019-4-12 -> File creation complete!
16:32:16 2019-4-12 -> Created file: MOVIT+_P10 MXJ_EF7413_20190408.json
16:32:20 2019-4-12 -> Sent complete!
16:32:20 2019-4-12 -> Sent file: MOVIT+_P10 MXJ_EF7413_20190408.json
16:39:48 2019-4-12 -> Sending saved parameter
16:44:19 2019-4-12 -> Sending saved parameter
16:48:42 2019-4-12 -> Sending saved parameter
16:55:15 2019-4-12 -> Sending saved parameter
16:56:10 2019-4-12 -> Sending saved parameter
17:03:39 2019-4-12 -> Sending saved parameter
17:24:00 2019-4-12 -> Sending saved parameter
17:24:02 2019-4-12 -> Closing NotificationState
17:24:03 2019-4-12 -> Closing SeatingState
17:25:01 2019-4-12 -> Sending saved parameter
18:24:14 2019-4-12 -> File creation complete!
18:24:14 2019-4-12 -> Created file: MOVIT+_P10 MXJ_EF7413_20190408.json
18:24:17 2019-4-12 -> Sent complete!
18:24:17 2019-4-12 -> Sent file: MOVIT+_P10 MXJ_EF7413_20190408.json
19:24:11 2019-4-12 -> File creation complete!
19:24:11 2019-4-12 -> Created file: MOVIT+_P10 MXJ_EF7413_20190408.json
19:24:13 2019-4-12 -> Sent complete!
19:24:13 2019-4-12 -> Sent file: MOVIT+_P10 MXJ_EF7413_20190408.json
20:24:11 2019-4-12 -> File creation complete!
20:24:11 2019-4-12 -> Created file: MOVIT+_P10 MXJ_EF7413_20190408.json
20:24:13 2019-4-12 -> Sent complete!
20:24:13 2019-4-12 -> Sent file: MOVIT+_P10 MXJ_EF7413_20190408.json
21:24:06 2019-4-12 -> File creation complete!
21:24:06 2019-4-12 -> Created file: MOVIT+_P10 MXJ_EF7413_20190408.json
22:24:07 2019-4-12 -> File creation complete!
22:24:07 2019-4-12 -> Created file: MOVIT+_P10 MXJ_EF7413_20190408.json
22:24:09 2019-4-12 -> Sent complete!
22:24:09 2019-4-12 -> Sent file: MOVIT+_P10 MXJ_EF7413_20190408.json
23:24:11 2019-4-12 -> File creation complete!
23:24:11 2019-4-12 -> Created file: MOVIT+_P10 MXJ_EF7413_20190408.json
23:24:13 2019-4-12 -> Sent complete!
23:24:13 2019-4-12 -> Sent file: MOVIT+_P10 MXJ_EF7413_20190408.json
00:24:04 2019-4-13 -> Created file: MOVIT+_P10 MXJ_EF7413_20190412.json
00:24:15 2019-4-13 -> File creation complete!
00:24:15 2019-4-13 -> Created file: MOVIT+_P10 MXJ_EF7413_20190408.json
00:24:18 2019-4-13 -> Sent file: MOVIT+_P10 MXJ_EF7413_20190408.json
00:24:20 2019-4-13 -> Sent complete!
00:24:20 2019-4-13 -> Sent file: MOVIT+_P10 MXJ_EF7413_20190412.json
01:24:07 2019-4-13 -> File creation complete!
01:24:07 2019-4-13 -> Created file: MOVIT+_P10 MXJ_EF7413_20190408.json
01:24:09 2019-4-13 -> Sent complete!
01:24:09 2019-4-13 -> Sent file: MOVIT+_P10 MXJ_EF7413_20190408.json
02:24:10 2019-4-13 -> File creation complete!
02:24:10 2019-4-13 -> Created file: MOVIT+_P10 MXJ_EF7413_20190408.json
02:24:13 2019-4-13 -> Sent complete!
02:24:13 2019-4-13 -> Sent file: MOVIT+_P10 MXJ_EF7413_20190408.json
03:24:07 2019-4-13 -> File creation complete!
03:24:07 2019-4-13 -> Created file: MOVIT+_P10 MXJ_EF7413_20190408.json
03:24:09 2019-4-13 -> Sent complete!
03:24:09 2019-4-13 -> Sent file: MOVIT+_P10 MXJ_EF7413_20190408.json
04:24:07 2019-4-13 -> File creation complete!
04:24:07 2019-4-13 -> Created file: MOVIT+_P10 MXJ_EF7413_20190408.json
04:24:09 2019-4-13 -> Sent complete!
04:24:09 2019-4-13 -> Sent file: MOVIT+_P10 MXJ_EF7413_20190408.json
05:24:11 2019-4-13 -> File creation complete!
05:24:11 2019-4-13 -> Created file: MOVIT+_P10 MXJ_EF7413_20190408.json
05:24:13 2019-4-13 -> Sent complete!
05:24:13 2019-4-13 -> Sent file: MOVIT+_P10 MXJ_EF7413_20190408.json
06:24:10 2019-4-13 -> File creation complete!
06:24:10 2019-4-13 -> Created file: MOVIT+_P10 MXJ_EF7413_20190408.json
06:24:13 2019-4-13 -> Sent complete!
06:24:13 2019-4-13 -> Sent file: MOVIT+_P10 MXJ_EF7413_20190408.json
07:24:10 2019-4-13 -> File creation complete!
07:24:10 2019-4-13 -> Created file: MOVIT+_P10 MXJ_EF7413_20190408.json
07:24:13 2019-4-13 -> Sent complete!
07:24:13 2019-4-13 -> Sent file: MOVIT+_P10 MXJ_EF7413_20190408.json
08:24:10 2019-4-13 -> File creation complete!
08:24:10 2019-4-13 -> Created file: MOVIT+_P10 MXJ_EF7413_20190408.json
08:24:13 2019-4-13 -> Sent complete!
08:24:13 2019-4-13 -> Sent file: MOVIT+_P10 MXJ_EF7413_20190408.json
09:24:06 2019-4-13 -> File creation complete!
09:24:06 2019-4-13 -> Created file: MOVIT+_P10 MXJ_EF7413_20190408.json
09:24:09 2019-4-13 -> Sent complete!
09:24:09 2019-4-13 -> Sent file: MOVIT+_P10 MXJ_EF7413_20190408.json
10:24:07 2019-4-13 -> File creation complete!
10:24:07 2019-4-13 -> Created file: MOVIT+_P10 MXJ_EF7413_20190408.json
10:24:09 2019-4-13 -> Sent complete!
10:24:09 2019-4-13 -> Sent file: MOVIT+_P10 MXJ_EF7413_20190408.json
11:24:10 2019-4-13 -> File creation complete!
11:24:10 2019-4-13 -> Created file: MOVIT+_P10 MXJ_EF7413_20190408.json
11:24:12 2019-4-13 -> Sent complete!
11:24:12 2019-4-13 -> Sent file: MOVIT+_P10 MXJ_EF7413_20190408.json
12:24:10 2019-4-13 -> File creation complete!
12:24:10 2019-4-13 -> Created file: MOVIT+_P10 MXJ_EF7413_20190408.json
12:24:13 2019-4-13 -> Sent complete!
12:24:13 2019-4-13 -> Sent file: MOVIT+_P10 MXJ_EF7413_20190408.json
13:24:10 2019-4-13 -> File creation complete!
13:24:10 2019-4-13 -> Created file: MOVIT+_P10 MXJ_EF7413_20190408.json
13:24:13 2019-4-13 -> Sent complete!
13:24:13 2019-4-13 -> Sent file: MOVIT+_P10 MXJ_EF7413_20190408.json
14:24:07 2019-4-13 -> File creation complete!
14:24:07 2019-4-13 -> Created file: MOVIT+_P10 MXJ_EF7413_20190408.json
14:24:09 2019-4-13 -> Sent complete!
14:24:09 2019-4-13 -> Sent file: MOVIT+_P10 MXJ_EF7413_20190408.json
15:24:07 2019-4-13 -> File creation complete!
15:24:07 2019-4-13 -> Created file: MOVIT+_P10 MXJ_EF7413_20190408.json
15:24:09 2019-4-13 -> Sent complete!
15:24:09 2019-4-13 -> Sent file: MOVIT+_P10 MXJ_EF7413_20190408.json
16:24:10 2019-4-13 -> File creation complete!
16:24:10 2019-4-13 -> Created file: MOVIT+_P10 MXJ_EF7413_20190408.json
16:24:13 2019-4-13 -> Sent complete!
16:24:13 2019-4-13 -> Sent file: MOVIT+_P10 MXJ_EF7413_20190408.json
17:24:10 2019-4-13 -> File creation complete!
17:24:10 2019-4-13 -> Created file: MOVIT+_P10 MXJ_EF7413_20190408.json
17:24:13 2019-4-13 -> Sent complete!
17:24:13 2019-4-13 -> Sent file: MOVIT+_P10 MXJ_EF7413_20190408.json
18:24:07 2019-4-13 -> File creation complete!
18:24:07 2019-4-13 -> Created file: MOVIT+_P10 MXJ_EF7413_20190408.json
18:24:09 2019-4-13 -> Sent complete!
18:24:09 2019-4-13 -> Sent file: MOVIT+_P10 MXJ_EF7413_20190408.json
19:24:07 2019-4-13 -> File creation complete!
19:24:07 2019-4-13 -> Created file: MOVIT+_P10 MXJ_EF7413_20190408.json
19:24:09 2019-4-13 -> Sent complete!
19:24:09 2019-4-13 -> Sent file: MOVIT+_P10 MXJ_EF7413_20190408.json
20:24:10 2019-4-13 -> File creation complete!
20:24:10 2019-4-13 -> Created file: MOVIT+_P10 MXJ_EF7413_20190408.json
20:24:13 2019-4-13 -> Sent complete!
20:24:13 2019-4-13 -> Sent file: MOVIT+_P10 MXJ_EF7413_20190408.json
21:24:07 2019-4-13 -> File creation complete!
21:24:07 2019-4-13 -> Created file: MOVIT+_P10 MXJ_EF7413_20190408.json
21:24:09 2019-4-13 -> Sent complete!
21:24:09 2019-4-13 -> Sent file: MOVIT+_P10 MXJ_EF7413_20190408.json
22:24:07 2019-4-13 -> File creation complete!
22:24:07 2019-4-13 -> Created file: MOVIT+_P10 MXJ_EF7413_20190408.json
22:24:10 2019-4-13 -> Sent complete!
22:24:10 2019-4-13 -> Sent file: MOVIT+_P10 MXJ_EF7413_20190408.json
23:24:07 2019-4-13 -> File creation complete!
23:24:07 2019-4-13 -> Created file: MOVIT+_P10 MXJ_EF7413_20190408.json
23:24:09 2019-4-13 -> Sent complete!
23:24:09 2019-4-13 -> Sent file: MOVIT+_P10 MXJ_EF7413_20190408.json
00:24:03 2019-4-14 -> Created file: MOVIT+_P10 MXJ_EF7413_20190413.json
00:24:11 2019-4-14 -> File creation complete!
00:24:11 2019-4-14 -> Created file: MOVIT+_P10 MXJ_EF7413_20190408.json
00:24:13 2019-4-14 -> Sent file: MOVIT+_P10 MXJ_EF7413_20190408.json
00:24:16 2019-4-14 -> Sent complete!
00:24:16 2019-4-14 -> Sent file: MOVIT+_P10 MXJ_EF7413_20190413.json
01:24:07 2019-4-14 -> File creation complete!
01:24:07 2019-4-14 -> Created file: MOVIT+_P10 MXJ_EF7413_20190408.json
01:24:09 2019-4-14 -> Sent complete!
01:24:09 2019-4-14 -> Sent file: MOVIT+_P10 MXJ_EF7413_20190408.json
02:24:10 2019-4-14 -> File creation complete!
02:24:10 2019-4-14 -> Created file: MOVIT+_P10 MXJ_EF7413_20190408.json
02:24:13 2019-4-14 -> Sent complete!
02:24:13 2019-4-14 -> Sent file: MOVIT+_P10 MXJ_EF7413_20190408.json
03:24:07 2019-4-14 -> File creation complete!
03:24:07 2019-4-14 -> Created file: MOVIT+_P10 MXJ_EF7413_20190408.json
03:24:09 2019-4-14 -> Sent complete!
03:24:09 2019-4-14 -> Sent file: MOVIT+_P10 MXJ_EF7413_20190408.json
04:24:07 2019-4-14 -> File creation complete!
04:24:07 2019-4-14 -> Created file: MOVIT+_P10 MXJ_EF7413_20190408.json
04:24:09 2019-4-14 -> Sent complete!
04:24:09 2019-4-14 -> Sent file: MOVIT+_P10 MXJ_EF7413_20190408.json
05:24:10 2019-4-14 -> File creation complete!
05:24:10 2019-4-14 -> Created file: MOVIT+_P10 MXJ_EF7413_20190408.json
05:24:13 2019-4-14 -> Sent complete!
05:24:13 2019-4-14 -> Sent file: MOVIT+_P10 MXJ_EF7413_20190408.json
06:24:07 2019-4-14 -> File creation complete!
06:24:07 2019-4-14 -> Created file: MOVIT+_P10 MXJ_EF7413_20190408.json
06:24:09 2019-4-14 -> Sent complete!
06:24:09 2019-4-14 -> Sent file: MOVIT+_P10 MXJ_EF7413_20190408.json
07:24:07 2019-4-14 -> File creation complete!
07:24:07 2019-4-14 -> Created file: MOVIT+_P10 MXJ_EF7413_20190408.json
07:24:09 2019-4-14 -> Sent complete!
07:24:09 2019-4-14 -> Sent file: MOVIT+_P10 MXJ_EF7413_20190408.json
08:24:11 2019-4-14 -> File creation complete!
08:24:11 2019-4-14 -> Created file: MOVIT+_P10 MXJ_EF7413_20190408.json
08:24:13 2019-4-14 -> Sent complete!
08:24:13 2019-4-14 -> Sent file: MOVIT+_P10 MXJ_EF7413_20190408.json
09:24:07 2019-4-14 -> File creation complete!
09:24:07 2019-4-14 -> Created file: MOVIT+_P10 MXJ_EF7413_20190408.json
09:24:09 2019-4-14 -> Sent complete!
09:24:09 2019-4-14 -> Sent file: MOVIT+_P10 MXJ_EF7413_20190408.json
10:24:07 2019-4-14 -> File creation complete!
10:24:07 2019-4-14 -> Created file: MOVIT+_P10 MXJ_EF7413_20190408.json
10:24:09 2019-4-14 -> Sent complete!
10:24:09 2019-4-14 -> Sent file: MOVIT+_P10 MXJ_EF7413_20190408.json
11:24:07 2019-4-14 -> File creation complete!
11:24:07 2019-4-14 -> Created file: MOVIT+_P10 MXJ_EF7413_20190408.json
11:24:09 2019-4-14 -> Sent complete!
11:24:09 2019-4-14 -> Sent file: MOVIT+_P10 MXJ_EF7413_20190408.json
12:24:07 2019-4-14 -> File creation complete!
12:24:07 2019-4-14 -> Created file: MOVIT+_P10 MXJ_EF7413_20190408.json
12:24:09 2019-4-14 -> Sent complete!
12:24:09 2019-4-14 -> Sent file: MOVIT+_P10 MXJ_EF7413_20190408.json
13:24:07 2019-4-14 -> File creation complete!
13:24:07 2019-4-14 -> Created file: MOVIT+_P10 MXJ_EF7413_20190408.json
13:24:09 2019-4-14 -> Sent complete!
13:24:09 2019-4-14 -> Sent file: MOVIT+_P10 MXJ_EF7413_20190408.json
14:24:07 2019-4-14 -> File creation complete!
14:24:07 2019-4-14 -> Created file: MOVIT+_P10 MXJ_EF7413_20190408.json
14:24:09 2019-4-14 -> Sent complete!
14:24:09 2019-4-14 -> Sent file: MOVIT+_P10 MXJ_EF7413_20190408.json
15:24:07 2019-4-14 -> File creation complete!
15:24:07 2019-4-14 -> Created file: MOVIT+_P10 MXJ_EF7413_20190408.json
15:24:09 2019-4-14 -> Sent complete!
15:24:09 2019-4-14 -> Sent file: MOVIT+_P10 MXJ_EF7413_20190408.json
16:24:07 2019-4-14 -> File creation complete!
16:24:07 2019-4-14 -> Created file: MOVIT+_P10 MXJ_EF7413_20190408.json
16:24:09 2019-4-14 -> Sent complete!
16:24:09 2019-4-14 -> Sent file: MOVIT+_P10 MXJ_EF7413_20190408.json
17:24:07 2019-4-14 -> File creation complete!
17:24:07 2019-4-14 -> Created file: MOVIT+_P10 MXJ_EF7413_20190408.json
17:24:13 2019-4-14 -> Sent complete!
17:24:13 2019-4-14 -> Sent file: MOVIT+_P10 MXJ_EF7413_20190408.json
18:24:11 2019-4-14 -> File creation complete!
18:24:11 2019-4-14 -> Created file: MOVIT+_P10 MXJ_EF7413_20190408.json
18:24:13 2019-4-14 -> Sent complete!
18:24:13 2019-4-14 -> Sent file: MOVIT+_P10 MXJ_EF7413_20190408.json
19:24:11 2019-4-14 -> File creation complete!
19:24:11 2019-4-14 -> Created file: MOVIT+_P10 MXJ_EF7413_20190408.json
19:24:13 2019-4-14 -> Sent complete!
19:24:13 2019-4-14 -> Sent file: MOVIT+_P10 MXJ_EF7413_20190408.json
20:24:07 2019-4-14 -> File creation complete!
20:24:07 2019-4-14 -> Created file: MOVIT+_P10 MXJ_EF7413_20190408.json
20:24:13 2019-4-14 -> Sent complete!
20:24:13 2019-4-14 -> Sent file: MOVIT+_P10 MXJ_EF7413_20190408.json
21:24:11 2019-4-14 -> File creation complete!
21:24:11 2019-4-14 -> Created file: MOVIT+_P10 MXJ_EF7413_20190408.json
21:24:13 2019-4-14 -> Sent complete!
21:24:13 2019-4-14 -> Sent file: MOVIT+_P10 MXJ_EF7413_20190408.json
22:24:10 2019-4-14 -> File creation complete!
22:24:10 2019-4-14 -> Created file: MOVIT+_P10 MXJ_EF7413_20190408.json
22:24:13 2019-4-14 -> Sent complete!
22:24:13 2019-4-14 -> Sent file: MOVIT+_P10 MXJ_EF7413_20190408.json
23:24:11 2019-4-14 -> File creation complete!
23:24:11 2019-4-14 -> Created file: MOVIT+_P10 MXJ_EF7413_20190408.json
23:24:13 2019-4-14 -> Sent complete!
23:24:13 2019-4-14 -> Sent file: MOVIT+_P10 MXJ_EF7413_20190408.json
00:24:04 2019-4-15 -> Created file: MOVIT+_P10 MXJ_EF7413_20190414.json
00:24:11 2019-4-15 -> File creation complete!
00:24:11 2019-4-15 -> Created file: MOVIT+_P10 MXJ_EF7413_20190408.json
00:24:13 2019-4-15 -> Sent file: MOVIT+_P10 MXJ_EF7413_20190408.json
00:24:16 2019-4-15 -> Sent complete!
00:24:16 2019-4-15 -> Sent file: MOVIT+_P10 MXJ_EF7413_20190414.json
01:24:07 2019-4-15 -> File creation complete!
01:24:07 2019-4-15 -> Created file: MOVIT+_P10 MXJ_EF7413_20190408.json
01:24:09 2019-4-15 -> Sent complete!
01:24:09 2019-4-15 -> Sent file: MOVIT+_P10 MXJ_EF7413_20190408.json
02:24:10 2019-4-15 -> File creation complete!
02:24:10 2019-4-15 -> Created file: MOVIT+_P10 MXJ_EF7413_20190408.json
02:24:13 2019-4-15 -> Sent complete!
02:24:13 2019-4-15 -> Sent file: MOVIT+_P10 MXJ_EF7413_20190408.json
03:24:07 2019-4-15 -> File creation complete!
03:24:07 2019-4-15 -> Created file: MOVIT+_P10 MXJ_EF7413_20190408.json
03:24:09 2019-4-15 -> Sent complete!
03:24:09 2019-4-15 -> Sent file: MOVIT+_P10 MXJ_EF7413_20190408.json
04:24:07 2019-4-15 -> File creation complete!
04:24:07 2019-4-15 -> Created file: MOVIT+_P10 MXJ_EF7413_20190408.json
04:24:13 2019-4-15 -> Sent complete!
04:24:13 2019-4-15 -> Sent file: MOVIT+_P10 MXJ_EF7413_20190408.json
05:24:11 2019-4-15 -> File creation complete!
05:24:11 2019-4-15 -> Created file: MOVIT+_P10 MXJ_EF7413_20190408.json
05:24:13 2019-4-15 -> Sent complete!
05:24:13 2019-4-15 -> Sent file: MOVIT+_P10 MXJ_EF7413_20190408.json
06:24:11 2019-4-15 -> File creation complete!
06:24:11 2019-4-15 -> Created file: MOVIT+_P10 MXJ_EF7413_20190408.json
06:24:13 2019-4-15 -> Sent complete!
06:24:13 2019-4-15 -> Sent file: MOVIT+_P10 MXJ_EF7413_20190408.json
07:24:07 2019-4-15 -> File creation complete!
07:24:07 2019-4-15 -> Created file: MOVIT+_P10 MXJ_EF7413_20190408.json
07:24:13 2019-4-15 -> Sent complete!
07:24:13 2019-4-15 -> Sent file: MOVIT+_P10 MXJ_EF7413_20190408.json
08:24:07 2019-4-15 -> File creation complete!
08:24:07 2019-4-15 -> Created file: MOVIT+_P10 MXJ_EF7413_20190408.json
08:24:09 2019-4-15 -> Sent complete!
08:24:09 2019-4-15 -> Sent file: MOVIT+_P10 MXJ_EF7413_20190408.json
09:24:10 2019-4-15 -> File creation complete!
09:24:10 2019-4-15 -> Created file: MOVIT+_P10 MXJ_EF7413_20190408.json
09:24:13 2019-4-15 -> Sent complete!
09:24:13 2019-4-15 -> Sent file: MOVIT+_P10 MXJ_EF7413_20190408.json
09:57:54 2019-4-15 -> Sending saved parameter
10:03:24 2019-4-15 -> Sending saved parameter
10:58:00 2019-4-15 -> File creation complete!
10:58:00 2019-4-15 -> Created file: MOVIT+_P10 MXJ_EF7413_20190408.json
10:58:02 2019-4-15 -> Sent complete!
10:58:02 2019-4-15 -> Sent file: MOVIT+_P10 MXJ_EF7413_20190408.json
11:13:53 2019-4-15 -> Sending saved parameter
11:13:54 2019-4-15 -> Closing SeatingState
11:15:42 2019-4-15 -> Sending saved parameter
11:15:47 2019-4-15 -> Closing SeatingState
11:57:58 2019-4-15 -> File creation complete!
11:57:58 2019-4-15 -> Created file: MOVIT+_P10 MXJ_EF7413_20190408.json
11:58:00 2019-4-15 -> Sent complete!
11:58:00 2019-4-15 -> Sent file: MOVIT+_P10 MXJ_EF7413_20190408.json
12:25:38 2019-4-15 -> Sending saved parameter
12:58:02 2019-4-15 -> File creation complete!
12:58:02 2019-4-15 -> Created file: MOVIT+_P10 MXJ_EF7413_20190408.json
12:58:06 2019-4-15 -> Sent complete!
12:58:06 2019-4-15 -> Sent file: MOVIT+_P10 MXJ_EF7413_20190408.json
13:02:15 2019-4-15 -> Sending saved parameter
13:02:16 2019-4-15 -> Closing SeatingState
13:03:05 2019-4-15 -> Sending saved parameter
13:03:06 2019-4-15 -> Closing SeatingState
13:07:29 2019-4-15 -> Sending saved parameter
13:07:35 2019-4-15 -> Closing SeatingState
14:07:42 2019-4-15 -> File creation complete!
14:07:42 2019-4-15 -> Created file: MOVIT+_P10 MXJ_EF7413_20190408.json
14:07:46 2019-4-15 -> Sent complete!
14:07:46 2019-4-15 -> Sent file: MOVIT+_P10 MXJ_EF7413_20190408.json
15:07:41 2019-4-15 -> File creation complete!
15:07:41 2019-4-15 -> Created file: MOVIT+_P10 MXJ_EF7413_20190408.json
15:07:43 2019-4-15 -> Sent complete!
15:07:43 2019-4-15 -> Sent file: MOVIT+_P10 MXJ_EF7413_20190408.json
16:07:40 2019-4-15 -> File creation complete!
16:07:40 2019-4-15 -> Created file: MOVIT+_P10 MXJ_EF7413_20190408.json
16:07:46 2019-4-15 -> Sent complete!
16:07:46 2019-4-15 -> Sent file: MOVIT+_P10 MXJ_EF7413_20190408.json
17:07:41 2019-4-15 -> File creation complete!
17:07:41 2019-4-15 -> Created file: MOVIT+_P10 MXJ_EF7413_20190408.json
17:07:44 2019-4-15 -> Sent complete!
17:07:44 2019-4-15 -> Sent file: MOVIT+_P10 MXJ_EF7413_20190408.json
18:07:36 2019-4-15 -> File creation complete!
18:07:36 2019-4-15 -> Created file: MOVIT+_P10 MXJ_EF7413_20190408.json
18:07:39 2019-4-15 -> Sent complete!
18:07:39 2019-4-15 -> Sent file: MOVIT+_P10 MXJ_EF7413_20190408.json
19:07:36 2019-4-15 -> File creation complete!
19:07:36 2019-4-15 -> Created file: MOVIT+_P10 MXJ_EF7413_20190408.json
19:07:38 2019-4-15 -> Sent complete!
19:07:38 2019-4-15 -> Sent file: MOVIT+_P10 MXJ_EF7413_20190408.json
20:07:40 2019-4-15 -> File creation complete!
20:07:40 2019-4-15 -> Created file: MOVIT+_P10 MXJ_EF7413_20190408.json
20:07:44 2019-4-15 -> Sent complete!
20:07:44 2019-4-15 -> Sent file: MOVIT+_P10 MXJ_EF7413_20190408.json
21:07:36 2019-4-15 -> File creation complete!
21:07:36 2019-4-15 -> Created file: MOVIT+_P10 MXJ_EF7413_20190408.json
21:07:39 2019-4-15 -> Sent complete!
21:07:39 2019-4-15 -> Sent file: MOVIT+_P10 MXJ_EF7413_20190408.json
22:07:39 2019-4-15 -> File creation complete!
22:07:39 2019-4-15 -> Created file: MOVIT+_P10 MXJ_EF7413_20190408.json
22:07:42 2019-4-15 -> Sent complete!
22:07:42 2019-4-15 -> Sent file: MOVIT+_P10 MXJ_EF7413_20190408.json
23:07:41 2019-4-15 -> File creation complete!
23:07:41 2019-4-15 -> Created file: MOVIT+_P10 MXJ_EF7413_20190408.json
23:07:44 2019-4-15 -> Sent complete!
23:07:44 2019-4-15 -> Sent file: MOVIT+_P10 MXJ_EF7413_20190408.json
00:07:34 2019-4-16 -> Created file: MOVIT+_P10 MXJ_EF7413_20190415.json
00:07:41 2019-4-16 -> File creation complete!
00:07:41 2019-4-16 -> Created file: MOVIT+_P10 MXJ_EF7413_20190408.json
00:07:44 2019-4-16 -> Sent file: MOVIT+_P10 MXJ_EF7413_20190408.json
00:07:47 2019-4-16 -> Sent complete!
00:07:47 2019-4-16 -> Sent file: MOVIT+_P10 MXJ_EF7413_20190415.json
01:07:36 2019-4-16 -> File creation complete!
01:07:36 2019-4-16 -> Created file: MOVIT+_P10 MXJ_EF7413_20190408.json
01:07:39 2019-4-16 -> Sent complete!
01:07:39 2019-4-16 -> Sent file: MOVIT+_P10 MXJ_EF7413_20190408.json
02:07:36 2019-4-16 -> File creation complete!
02:07:36 2019-4-16 -> Created file: MOVIT+_P10 MXJ_EF7413_20190408.json
02:07:39 2019-4-16 -> Sent complete!
02:07:39 2019-4-16 -> Sent file: MOVIT+_P10 MXJ_EF7413_20190408.json
03:07:40 2019-4-16 -> File creation complete!
03:07:40 2019-4-16 -> Created file: MOVIT+_P10 MXJ_EF7413_20190408.json
03:07:42 2019-4-16 -> Sent complete!
03:07:42 2019-4-16 -> Sent file: MOVIT+_P10 MXJ_EF7413_20190408.json
04:07:38 2019-4-16 -> File creation complete!
04:07:38 2019-4-16 -> Created file: MOVIT+_P10 MXJ_EF7413_20190408.json
04:07:41 2019-4-16 -> Sent complete!
04:07:41 2019-4-16 -> Sent file: MOVIT+_P10 MXJ_EF7413_20190408.json
05:07:36 2019-4-16 -> File creation complete!
05:07:36 2019-4-16 -> Created file: MOVIT+_P10 MXJ_EF7413_20190408.json
05:07:39 2019-4-16 -> Sent complete!
05:07:39 2019-4-16 -> Sent file: MOVIT+_P10 MXJ_EF7413_20190408.json
06:07:40 2019-4-16 -> File creation complete!
06:07:40 2019-4-16 -> Created file: MOVIT+_P10 MXJ_EF7413_20190408.json
06:07:42 2019-4-16 -> Sent complete!
06:07:43 2019-4-16 -> Sent file: MOVIT+_P10 MXJ_EF7413_20190408.json
07:07:36 2019-4-16 -> File creation complete!
07:07:36 2019-4-16 -> Created file: MOVIT+_P10 MXJ_EF7413_20190408.json
07:07:39 2019-4-16 -> Sent complete!
07:07:39 2019-4-16 -> Sent file: MOVIT+_P10 MXJ_EF7413_20190408.json
08:07:44 2019-4-16 -> File creation complete!
08:07:44 2019-4-16 -> Created file: MOVIT+_P10 MXJ_EF7413_20190408.json
08:07:47 2019-4-16 -> Sent complete!
08:07:47 2019-4-16 -> Sent file: MOVIT+_P10 MXJ_EF7413_20190408.json
09:07:37 2019-4-16 -> File creation complete!
09:07:37 2019-4-16 -> Created file: MOVIT+_P10 MXJ_EF7413_20190408.json
09:07:40 2019-4-16 -> Sent complete!
09:07:40 2019-4-16 -> Sent file: MOVIT+_P10 MXJ_EF7413_20190408.json
10:07:36 2019-4-16 -> File creation complete!
10:07:36 2019-4-16 -> Created file: MOVIT+_P10 MXJ_EF7413_20190408.json
10:07:39 2019-4-16 -> Sent complete!
10:07:39 2019-4-16 -> Sent file: MOVIT+_P10 MXJ_EF7413_20190408.json
11:07:37 2019-4-16 -> File creation complete!
11:07:37 2019-4-16 -> Created file: MOVIT+_P10 MXJ_EF7413_20190408.json
11:07:42 2019-4-16 -> Sent complete!
11:07:42 2019-4-16 -> Sent file: MOVIT+_P10 MXJ_EF7413_20190408.json
12:07:41 2019-4-16 -> File creation complete!
12:07:41 2019-4-16 -> Created file: MOVIT+_P10 MXJ_EF7413_20190408.json
12:07:47 2019-4-16 -> Sent complete!
12:07:47 2019-4-16 -> Sent file: MOVIT+_P10 MXJ_EF7413_20190408.json
13:07:36 2019-4-16 -> File creation complete!
13:07:36 2019-4-16 -> Created file: MOVIT+_P10 MXJ_EF7413_20190408.json
13:07:38 2019-4-16 -> Sent complete!
13:07:38 2019-4-16 -> Sent file: MOVIT+_P10 MXJ_EF7413_20190408.json
14:07:40 2019-4-16 -> File creation complete!
14:07:40 2019-4-16 -> Created file: MOVIT+_P10 MXJ_EF7413_20190408.json
14:07:42 2019-4-16 -> Sent complete!
14:07:42 2019-4-16 -> Sent file: MOVIT+_P10 MXJ_EF7413_20190408.json
14:45:16 2019-4-16 -> Sending saved parameter
14:45:16 2019-4-16 -> Closing NotificationState
14:45:17 2019-4-16 -> Closing SeatingState
14:46:52 2019-4-16 -> Sending saved parameter
15:07:45 2019-4-16 -> File creation complete!
15:07:45 2019-4-16 -> Created file: MOVIT+_P10 MXJ_EF7413_20190408.json
15:07:48 2019-4-16 -> Sent complete!
15:07:48 2019-4-16 -> Sent file: MOVIT+_P10 MXJ_EF7413_20190408.json
15:41:55 2019-4-16 -> Sending saved parameter
15:42:12 2019-4-16 -> Closing NotificationState
15:42:13 2019-4-16 -> Closing SeatingState
16:38:51 2019-4-16 -> Sending saved parameter
